[   257.110] 
X.Org X Server 1.21.1.11
X Protocol Version 11, Revision 0
[   257.110] Current Operating System: Linux archlinux 6.7.3-arch1-2 #1 SMP PREEMPT_DYNAMIC Fri, 02 Feb 2024 17:03:55 +0000 x86_64
[   257.110] Kernel command line: BOOT_IMAGE=/boot/vmlinuz-linux root=UUID=cf711258-d7af-4310-b82a-cfd2fd12ba9f rw loglevel=3 quiet
[   257.110]  
[   257.110] Current version of pixman: 0.43.2
[   257.110] 	Before reporting problems, check http://wiki.x.org
	to make sure that you have the latest version.
[   257.110] Markers: (--) probed, (**) from config file, (==) default setting,
	(++) from command line, (!!) notice, (II) informational,
	(WW) warning, (EE) error, (NI) not implemented, (??) unknown.
[   257.115] (==) Log file: "/home/AliFarooq/.local/share/xorg/Xorg.1.log", Time: Mon Feb  5 12:46:43 2024
[   257.115] (==) Using system config directory "/usr/share/X11/xorg.conf.d"
[   257.115] (==) No Layout section.  Using the first Screen section.
[   257.115] (==) No screen section available. Using defaults.
[   257.115] (**) |-->Screen "Default Screen Section" (0)
[   257.115] (**) |   |-->Monitor "<default monitor>"
[   257.116] (==) No monitor specified for screen "Default Screen Section".
	Using a default monitor configuration.
[   257.116] (==) Automatically adding devices
[   257.116] (==) Automatically enabling devices
[   257.116] (==) Automatically adding GPU devices
[   257.116] (==) Automatically binding GPU devices
[   257.116] (==) Max clients allowed: 256, resource mask: 0x1fffff
[   257.116] (WW) The directory "/usr/share/fonts/misc" does not exist.
[   257.116] 	Entry deleted from font path.
[   257.116] (WW) The directory "/usr/share/fonts/TTF" does not exist.
[   257.116] 	Entry deleted from font path.
[   257.116] (WW) The directory "/usr/share/fonts/OTF" does not exist.
[   257.116] 	Entry deleted from font path.
[   257.116] (WW) The directory "/usr/share/fonts/Type1" does not exist.
[   257.116] 	Entry deleted from font path.
[   257.116] (==) FontPath set to:
	/usr/share/fonts/100dpi,
	/usr/share/fonts/75dpi
[   257.116] (==) ModulePath set to "/usr/lib/xorg/modules"
[   257.116] (II) The server relies on udev to provide the list of input devices.
	If no devices become available, reconfigure udev or disable AutoAddDevices.
[   257.116] (II) Module ABI versions:
[   257.116] 	X.Org ANSI C Emulation: 0.4
[   257.116] 	X.Org Video Driver: 25.2
[   257.116] 	X.Org XInput driver : 24.4
[   257.116] 	X.Org Server Extension : 10.0
[   257.119] (++) using VT number 2

[   257.123] (II) systemd-logind: took control of session /org/freedesktop/login1/session/_33
[   257.126] (II) xfree86: Adding drm device (/dev/dri/card0)
[   257.126] (II) Platform probe for /sys/devices/pci0000:00/0000:00:0f.0/drm/card0
[   257.128] (II) systemd-logind: got fd for /dev/dri/card0 226:0 fd 13 paused 0
[   257.143] (--) PCI:*(0@0:15:0) 15ad:0405:15ad:0405 rev 0, Mem @ 0xe8000000/134217728, 0xfe000000/8388608, I/O @ 0x00001070/16, BIOS @ 0x????????/131072
[   257.143] (WW) Open ACPI failed (/var/run/acpid.socket) (No such file or directory)
[   257.143] (II) LoadModule: "glx"
[   257.144] (II) Loading /usr/lib/xorg/modules/extensions/libglx.so
[   257.148] (II) Module glx: vendor="X.Org Foundation"
[   257.148] 	compiled for 1.21.1.11, module version = 1.0.0
[   257.148] 	ABI class: X.Org Server Extension, version 10.0
[   257.149] (==) Matched vmware as autoconfigured driver 0
[   257.149] (==) Matched modesetting as autoconfigured driver 1
[   257.149] (==) Matched fbdev as autoconfigured driver 2
[   257.149] (==) Matched vesa as autoconfigured driver 3
[   257.149] (==) Assigned the driver to the xf86ConfigLayout
[   257.149] (II) LoadModule: "vmware"
[   257.149] (WW) Warning, couldn't open module vmware
[   257.149] (EE) Failed to load module "vmware" (module does not exist, 0)
[   257.149] (II) LoadModule: "modesetting"
[   257.149] (II) Loading /usr/lib/xorg/modules/drivers/modesetting_drv.so
[   257.151] (II) Module modesetting: vendor="X.Org Foundation"
[   257.152] 	compiled for 1.21.1.11, module version = 1.21.1
[   257.152] 	Module class: X.Org Video Driver
[   257.152] 	ABI class: X.Org Video Driver, version 25.2
[   257.152] (II) LoadModule: "fbdev"
[   257.152] (WW) Warning, couldn't open module fbdev
[   257.152] (EE) Failed to load module "fbdev" (module does not exist, 0)
[   257.152] (II) LoadModule: "vesa"
[   257.152] (II) Loading /usr/lib/xorg/modules/drivers/vesa_drv.so
[   257.152] (II) Module vesa: vendor="X.Org Foundation"
[   257.152] 	compiled for 1.21.1.4, module version = 2.6.0
[   257.152] 	Module class: X.Org Video Driver
[   257.152] 	ABI class: X.Org Video Driver, version 25.2
[   257.152] (II) modesetting: Driver for Modesetting Kernel Drivers: kms
[   257.152] (II) VESA: driver for VESA chipsets: vesa
[   257.153] xf86EnableIO: failed to enable I/O ports 0000-03ff (Operation not permitted)
[   257.153] (II) modeset(0): using drv /dev/dri/card0
[   257.153] (WW) VGA arbiter: cannot open kernel arbiter, no multi-card support
[   257.153] (II) modeset(0): Creating default Display subsection in Screen section
	"Default Screen Section" for depth/fbbpp 24/32
[   257.153] (==) modeset(0): Depth 24, (==) framebuffer bpp 32
[   257.153] (==) modeset(0): RGB weight 888
[   257.153] (==) modeset(0): Default visual is TrueColor
[   257.153] (II) Loading sub module "glamoregl"
[   257.153] (II) LoadModule: "glamoregl"
[   257.153] (II) Loading /usr/lib/xorg/modules/libglamoregl.so
[   257.163] (II) Module glamoregl: vendor="X.Org Foundation"
[   257.163] 	compiled for 1.21.1.11, module version = 1.0.1
[   257.163] 	ABI class: X.Org ANSI C Emulation, version 0.4
[   257.268] (II) modeset(0): glamor X acceleration enabled on SVGA3D; build: RELEASE;  LLVM;
[   257.268] (II) modeset(0): glamor initialized
[   257.268] (==) modeset(0): VariableRefresh: disabled
[   257.268] (==) modeset(0): AsyncFlipSecondaries: disabled
[   257.268] (II) modeset(0): Output Virtual-1 has no monitor section
[   257.269] (II) modeset(0): Output Virtual-2 has no monitor section
[   257.269] (II) modeset(0): Output Virtual-3 has no monitor section
[   257.269] (II) modeset(0): Output Virtual-4 has no monitor section
[   257.269] (II) modeset(0): Output Virtual-5 has no monitor section
[   257.269] (II) modeset(0): Output Virtual-6 has no monitor section
[   257.269] (II) modeset(0): Output Virtual-7 has no monitor section
[   257.269] (II) modeset(0): Output Virtual-8 has no monitor section
[   257.270] (II) modeset(0): EDID for output Virtual-1
[   257.270] (II) modeset(0): Printing probed modes for output Virtual-1
[   257.271] (II) modeset(0): Modeline "1280x800"x60.0   81.51  1280 1330 1380 1430  800 850 900 950 -hsync +vsync (57.0 kHz eP)
[   257.271] (II) modeset(0): Modeline "3840x2400"x60.0  592.25  3840 3888 3920 4000  2400 2403 2409 2469 +hsync -vsync (148.1 kHz e)
[   257.271] (II) modeset(0): Modeline "3840x2160"x60.0  533.00  3840 3888 3920 4000  2160 2163 2168 2222 +hsync -vsync (133.2 kHz e)
[   257.271] (II) modeset(0): Modeline "2880x1800"x59.9  337.50  2880 2928 2960 3040  1800 1803 1809 1852 +hsync -vsync (111.0 kHz e)
[   257.271] (II) modeset(0): Modeline "2560x1600"x60.0  348.50  2560 2752 3032 3504  1600 1603 1609 1658 -hsync +vsync (99.5 kHz e)
[   257.271] (II) modeset(0): Modeline "2560x1440"x60.0  241.50  2560 2608 2640 2720  1440 1443 1448 1481 +hsync -vsync (88.8 kHz e)
[   257.271] (II) modeset(0): Modeline "1920x1440"x60.0  234.00  1920 2048 2256 2600  1440 1441 1444 1500 -hsync +vsync (90.0 kHz e)
[   257.271] (II) modeset(0): Modeline "1856x1392"x60.0  218.25  1856 1952 2176 2528  1392 1393 1396 1439 -hsync +vsync (86.3 kHz e)
[   257.271] (II) modeset(0): Modeline "1792x1344"x60.0  204.75  1792 1920 2120 2448  1344 1345 1348 1394 -hsync +vsync (83.6 kHz e)
[   257.271] (II) modeset(0): Modeline "1920x1200"x59.9  193.25  1920 2056 2256 2592  1200 1203 1209 1245 -hsync +vsync (74.6 kHz e)
[   257.271] (II) modeset(0): Modeline "1920x1080"x60.0  173.00  1920 2048 2248 2576  1080 1083 1088 1120 -hsync +vsync (67.2 kHz e)
[   257.271] (II) modeset(0): Modeline "1600x1200"x60.0  162.00  1600 1664 1856 2160  1200 1201 1204 1250 +hsync +vsync (75.0 kHz e)
[   257.271] (II) modeset(0): Modeline "1680x1050"x60.0  146.25  1680 1784 1960 2240  1050 1053 1059 1089 -hsync +vsync (65.3 kHz e)
[   257.271] (II) modeset(0): Modeline "1400x1050"x60.0  121.75  1400 1488 1632 1864  1050 1053 1057 1089 -hsync +vsync (65.3 kHz e)
[   257.271] (II) modeset(0): Modeline "1280x1024"x60.0  108.00  1280 1328 1440 1688  1024 1025 1028 1066 +hsync +vsync (64.0 kHz e)
[   257.271] (II) modeset(0): Modeline "1440x900"x59.9  106.50  1440 1520 1672 1904  900 903 909 934 -hsync +vsync (55.9 kHz e)
[   257.271] (II) modeset(0): Modeline "1280x960"x60.0  108.00  1280 1376 1488 1800  960 961 964 1000 +hsync +vsync (60.0 kHz e)
[   257.271] (II) modeset(0): Modeline "1360x768"x60.0   85.50  1360 1424 1536 1792  768 771 777 795 +hsync +vsync (47.7 kHz e)
[   257.271] (II) modeset(0): Modeline "1280x800"x59.8   83.50  1280 1352 1480 1680  800 803 809 831 +hsync -vsync (49.7 kHz e)
[   257.271] (II) modeset(0): Modeline "1152x864"x75.0  108.00  1152 1216 1344 1600  864 865 868 900 +hsync +vsync (67.5 kHz e)
[   257.271] (II) modeset(0): Modeline "1280x768"x59.9   79.50  1280 1344 1472 1664  768 771 778 798 -hsync +vsync (47.8 kHz e)
[   257.271] (II) modeset(0): Modeline "1280x720"x59.9   74.50  1280 1344 1472 1664  720 723 728 748 -hsync +vsync (44.8 kHz e)
[   257.271] (II) modeset(0): Modeline "1024x768"x60.0   65.00  1024 1048 1184 1344  768 771 777 806 -hsync -vsync (48.4 kHz e)
[   257.271] (II) modeset(0): Modeline "800x600"x60.3   40.00  800 840 968 1056  600 601 605 628 +hsync +vsync (37.9 kHz e)
[   257.271] (II) modeset(0): Modeline "640x480"x59.9   25.18  640 656 752 800  480 489 492 525 -hsync -vsync (31.5 kHz e)
[   257.271] (II) modeset(0): EDID for output Virtual-2
[   257.271] (II) modeset(0): EDID for output Virtual-3
[   257.271] (II) modeset(0): EDID for output Virtual-4
[   257.271] (II) modeset(0): EDID for output Virtual-5
[   257.271] (II) modeset(0): EDID for output Virtual-6
[   257.271] (II) modeset(0): EDID for output Virtual-7
[   257.271] (II) modeset(0): EDID for output Virtual-8
[   257.271] (II) modeset(0): Output Virtual-1 connected
[   257.271] (II) modeset(0): Output Virtual-2 disconnected
[   257.271] (II) modeset(0): Output Virtual-3 disconnected
[   257.271] (II) modeset(0): Output Virtual-4 disconnected
[   257.271] (II) modeset(0): Output Virtual-5 disconnected
[   257.271] (II) modeset(0): Output Virtual-6 disconnected
[   257.271] (II) modeset(0): Output Virtual-7 disconnected
[   257.271] (II) modeset(0): Output Virtual-8 disconnected
[   257.271] (II) modeset(0): Using exact sizes for initial modes
[   257.271] (II) modeset(0): Output Virtual-1 using initial mode 1280x800 +0+0
[   257.271] (==) modeset(0): Using gamma correction (1.0, 1.0, 1.0)
[   257.271] (==) modeset(0): DPI set to (96, 96)
[   257.271] (II) Loading sub module "fb"
[   257.271] (II) LoadModule: "fb"
[   257.271] (II) Module "fb" already built-in
[   257.271] (II) UnloadModule: "vesa"
[   257.271] (II) Unloading vesa
[   257.367] (==) modeset(0): Backing store enabled
[   257.367] (==) modeset(0): Silken mouse enabled
[   257.368] (II) modeset(0): Initializing kms color map for depth 24, 8 bpc.
[   257.368] (==) modeset(0): DPMS enabled
[   257.368] (II) modeset(0): [DRI2] Setup complete
[   257.368] (II) modeset(0): [DRI2]   DRI driver: vmwgfx
[   257.368] (II) modeset(0): [DRI2]   VDPAU driver: vmwgfx
[   257.368] (II) Initializing extension Generic Event Extension
[   257.369] (II) Initializing extension SHAPE
[   257.369] (II) Initializing extension MIT-SHM
[   257.369] (II) Initializing extension XInputExtension
[   257.370] (II) Initializing extension XTEST
[   257.370] (II) Initializing extension BIG-REQUESTS
[   257.370] (II) Initializing extension SYNC
[   257.371] (II) Initializing extension XKEYBOARD
[   257.371] (II) Initializing extension XC-MISC
[   257.371] (II) Initializing extension SECURITY
[   257.371] (II) Initializing extension XFIXES
[   257.372] (II) Initializing extension RENDER
[   257.372] (II) Initializing extension RANDR
[   257.372] (II) Initializing extension COMPOSITE
[   257.373] (II) Initializing extension DAMAGE
[   257.373] (II) Initializing extension MIT-SCREEN-SAVER
[   257.373] (II) Initializing extension DOUBLE-BUFFER
[   257.373] (II) Initializing extension RECORD
[   257.374] (II) Initializing extension DPMS
[   257.374] (II) Initializing extension Present
[   257.374] (II) Initializing extension DRI3
[   257.375] (II) Initializing extension X-Resource
[   257.375] (II) Initializing extension XVideo
[   257.375] (II) Initializing extension XVideo-MotionCompensation
[   257.375] (II) Initializing extension GLX
[   257.388] (II) AIGLX: Loaded and initialized vmwgfx
[   257.388] (II) GLX: Initialized DRI2 GL provider for screen 0
[   257.388] (II) Initializing extension XFree86-VidModeExtension
[   257.389] (II) Initializing extension XFree86-DGA
[   257.389] (II) Initializing extension XFree86-DRI
[   257.389] (II) Initializing extension DRI2
[   257.390] (II) modeset(0): Damage tracking initialized
[   257.390] (II) modeset(0): Setting screen physical size to 338 x 211
[   257.608] (II) config/udev: Adding input device Power Button (/dev/input/event0)
[   257.608] (**) Power Button: Applying InputClass "libinput keyboard catchall"
[   257.608] (II) LoadModule: "libinput"
[   257.609] (II) Loading /usr/lib/xorg/modules/input/libinput_drv.so
[   257.614] (II) Module libinput: vendor="X.Org Foundation"
[   257.614] 	compiled for 1.21.1.8, module version = 1.4.0
[   257.614] 	Module class: X.Org XInput Driver
[   257.614] 	ABI class: X.Org XInput driver, version 24.4
[   257.614] (II) Using input driver 'libinput' for 'Power Button'
[   257.616] (II) systemd-logind: got fd for /dev/input/event0 13:64 fd 25 paused 0
[   257.616] (**) Power Button: always reports core events
[   257.616] (**) Option "Device" "/dev/input/event0"
[   257.624] (II) event0  - Power Button: is tagged by udev as: Keyboard
[   257.625] (II) event0  - Power Button: device is a keyboard
[   257.625] (II) event0  - Power Button: device removed
[   257.625] (**) Option "config_info" "udev:/sys/devices/LNXSYSTM:00/LNXPWRBN:00/input/input0/event0"
[   257.625] (II) XINPUT: Adding extended input device "Power Button" (type: KEYBOARD, id 6)
[   257.627] (II) event0  - Power Button: is tagged by udev as: Keyboard
[   257.628] (II) event0  - Power Button: device is a keyboard
[   257.632] (II) config/udev: Adding input device VMware VMware Virtual USB Mouse (/dev/input/event1)
[   257.632] (**) VMware VMware Virtual USB Mouse: Applying InputClass "libinput pointer catchall"
[   257.632] (II) Using input driver 'libinput' for 'VMware VMware Virtual USB Mouse'
[   257.635] (II) systemd-logind: got fd for /dev/input/event1 13:65 fd 28 paused 0
[   257.635] (**) VMware VMware Virtual USB Mouse: always reports core events
[   257.635] (**) Option "Device" "/dev/input/event1"
[   257.639] (II) event1  - VMware VMware Virtual USB Mouse: is tagged by udev as: Mouse
[   257.640] (II) event1  - VMware VMware Virtual USB Mouse: device is a pointer
[   257.640] (II) event1  - VMware VMware Virtual USB Mouse: device removed
[   257.640] (II) libinput: VMware VMware Virtual USB Mouse: Step value 0 was provided, libinput Fallback acceleration function is used.
[   257.640] (II) libinput: VMware VMware Virtual USB Mouse: Step value 0 was provided, libinput Fallback acceleration function is used.
[   257.641] (II) libinput: VMware VMware Virtual USB Mouse: Step value 0 was provided, libinput Fallback acceleration function is used.
[   257.641] (**) Option "config_info" "udev:/sys/devices/pci0000:00/0000:00:11.0/0000:02:00.0/usb2/2-1/2-1:1.0/0003:0E0F:0003.0001/input/input1/event1"
[   257.641] (II) XINPUT: Adding extended input device "VMware VMware Virtual USB Mouse" (type: MOUSE, id 7)
[   257.641] (**) Option "AccelerationScheme" "none"
[   257.641] (**) VMware VMware Virtual USB Mouse: (accel) selected scheme none/0
[   257.641] (**) VMware VMware Virtual USB Mouse: (accel) acceleration factor: 2.000
[   257.641] (**) VMware VMware Virtual USB Mouse: (accel) acceleration threshold: 4
[   257.646] (II) event1  - VMware VMware Virtual USB Mouse: is tagged by udev as: Mouse
[   257.646] (II) event1  - VMware VMware Virtual USB Mouse: device is a pointer
[   257.649] (II) config/udev: Adding input device VMware VMware Virtual USB Mouse (/dev/input/mouse0)
[   257.649] (II) No input driver specified, ignoring this device.
[   257.649] (II) This device may have been added with another device file.
[   257.650] (II) config/udev: Adding input device AT Translated Set 2 keyboard (/dev/input/event2)
[   257.650] (**) AT Translated Set 2 keyboard: Applying InputClass "libinput keyboard catchall"
[   257.650] (II) Using input driver 'libinput' for 'AT Translated Set 2 keyboard'
[   257.652] (II) systemd-logind: got fd for /dev/input/event2 13:66 fd 29 paused 0
[   257.652] (**) AT Translated Set 2 keyboard: always reports core events
[   257.652] (**) Option "Device" "/dev/input/event2"
[   257.655] (II) event2  - AT Translated Set 2 keyboard: is tagged by udev as: Keyboard
[   257.655] (II) event2  - AT Translated Set 2 keyboard: device is a keyboard
[   257.656] (II) event2  - AT Translated Set 2 keyboard: device removed
[   257.656] (**) Option "config_info" "udev:/sys/devices/platform/i8042/serio0/input/input2/event2"
[   257.656] (II) XINPUT: Adding extended input device "AT Translated Set 2 keyboard" (type: KEYBOARD, id 8)
[   257.659] (II) event2  - AT Translated Set 2 keyboard: is tagged by udev as: Keyboard
[   257.659] (II) event2  - AT Translated Set 2 keyboard: device is a keyboard
[   257.662] (II) config/udev: Adding input device VirtualPS/2 VMware VMMouse (/dev/input/event5)
[   257.662] (**) VirtualPS/2 VMware VMMouse: Applying InputClass "libinput pointer catchall"
[   257.662] (II) Using input driver 'libinput' for 'VirtualPS/2 VMware VMMouse'
[   257.664] (II) systemd-logind: got fd for /dev/input/event5 13:69 fd 30 paused 0
[   257.664] (**) VirtualPS/2 VMware VMMouse: always reports core events
[   257.664] (**) Option "Device" "/dev/input/event5"
[   257.667] (II) event5  - VirtualPS/2 VMware VMMouse: is tagged by udev as: Mouse
[   257.668] (II) event5  - VirtualPS/2 VMware VMMouse: device is a pointer
[   257.668] (II) event5  - VirtualPS/2 VMware VMMouse: device removed
[   257.668] (II) libinput: VirtualPS/2 VMware VMMouse: Step value 0 was provided, libinput Fallback acceleration function is used.
[   257.668] (II) libinput: VirtualPS/2 VMware VMMouse: Step value 0 was provided, libinput Fallback acceleration function is used.
[   257.668] (II) libinput: VirtualPS/2 VMware VMMouse: Step value 0 was provided, libinput Fallback acceleration function is used.
[   257.669] (**) Option "config_info" "udev:/sys/devices/platform/i8042/serio1/input/input5/event5"
[   257.669] (II) XINPUT: Adding extended input device "VirtualPS/2 VMware VMMouse" (type: MOUSE, id 9)
[   257.669] (**) Option "AccelerationScheme" "none"
[   257.669] (**) VirtualPS/2 VMware VMMouse: (accel) selected scheme none/0
[   257.669] (**) VirtualPS/2 VMware VMMouse: (accel) acceleration factor: 2.000
[   257.669] (**) VirtualPS/2 VMware VMMouse: (accel) acceleration threshold: 4
[   257.671] (II) event5  - VirtualPS/2 VMware VMMouse: is tagged by udev as: Mouse
[   257.672] (II) event5  - VirtualPS/2 VMware VMMouse: device is a pointer
[   257.674] (II) config/udev: Adding input device VirtualPS/2 VMware VMMouse (/dev/input/mouse2)
[   257.674] (II) No input driver specified, ignoring this device.
[   257.674] (II) This device may have been added with another device file.
[   257.675] (II) config/udev: Adding input device VirtualPS/2 VMware VMMouse (/dev/input/event4)
[   257.675] (**) VirtualPS/2 VMware VMMouse: Applying InputClass "libinput pointer catchall"
[   257.675] (II) Using input driver 'libinput' for 'VirtualPS/2 VMware VMMouse'
[   257.677] (II) systemd-logind: got fd for /dev/input/event4 13:68 fd 31 paused 0
[   257.677] (**) VirtualPS/2 VMware VMMouse: always reports core events
[   257.677] (**) Option "Device" "/dev/input/event4"
[   257.680] (II) event4  - VirtualPS/2 VMware VMMouse: is tagged by udev as: Mouse
[   257.681] (II) event4  - VirtualPS/2 VMware VMMouse: device is a pointer
[   257.682] (II) event4  - VirtualPS/2 VMware VMMouse: device removed
[   257.682] (**) Option "config_info" "udev:/sys/devices/platform/i8042/serio1/input/input6/event4"
[   257.682] (II) XINPUT: Adding extended input device "VirtualPS/2 VMware VMMouse" (type: MOUSE, id 10)
[   257.682] (**) Option "AccelerationScheme" "none"
[   257.682] (**) VirtualPS/2 VMware VMMouse: (accel) selected scheme none/0
[   257.682] (**) VirtualPS/2 VMware VMMouse: (accel) acceleration factor: 2.000
[   257.682] (**) VirtualPS/2 VMware VMMouse: (accel) acceleration threshold: 4
[   257.684] (II) event4  - VirtualPS/2 VMware VMMouse: is tagged by udev as: Mouse
[   257.686] (II) event4  - VirtualPS/2 VMware VMMouse: device is a pointer
[   257.687] (II) config/udev: Adding input device VirtualPS/2 VMware VMMouse (/dev/input/mouse1)
[   257.687] (II) No input driver specified, ignoring this device.
[   257.687] (II) This device may have been added with another device file.
[   257.688] (II) config/udev: Adding input device PC Speaker (/dev/input/event3)
[   257.688] (II) No input driver specified, ignoring this device.
[   257.688] (II) This device may have been added with another device file.
[   266.730] (**) Option "fd" "25"
[   266.730] (II) event0  - Power Button: device removed
[   266.730] (**) Option "fd" "28"
[   266.730] (II) event1  - VMware VMware Virtual USB Mouse: device removed
[   266.730] (**) Option "fd" "29"
[   266.731] (II) event2  - AT Translated Set 2 keyboard: device removed
[   266.731] (**) Option "fd" "30"
[   266.731] (II) event5  - VirtualPS/2 VMware VMMouse: device removed
[   266.731] (**) Option "fd" "31"
[   266.731] (II) event4  - VirtualPS/2 VMware VMMouse: device removed
[   266.731] (II) AIGLX: Suspending AIGLX clients for VT switch
[   266.757] (II) systemd-logind: got pause for 13:69
[   266.757] (II) systemd-logind: got pause for 13:66
[   266.757] (II) systemd-logind: got pause for 13:68
[   266.757] (II) systemd-logind: got pause for 13:64
[   266.757] (II) systemd-logind: got pause for 13:65
[   272.934] (II) UnloadModule: "libinput"
[   272.934] (II) systemd-logind: releasing fd for 13:68
[   272.958] (II) UnloadModule: "libinput"
[   272.958] (II) systemd-logind: releasing fd for 13:69
[   273.142] (II) UnloadModule: "libinput"
[   273.142] (II) systemd-logind: releasing fd for 13:66
[   273.219] (II) UnloadModule: "libinput"
[   273.219] (II) systemd-logind: releasing fd for 13:65
[   273.255] (II) UnloadModule: "libinput"
[   273.255] (II) systemd-logind: releasing fd for 13:64
[   273.644] (WW) xf86CloseConsole: KDSETMODE failed: Input/output error
[   273.644] (WW) xf86CloseConsole: VT_GETMODE failed: Input/output error
[   273.644] (WW) xf86OpenConsole: VT_GETSTATE failed: Input/output error
[   273.652] (II) Server terminated successfully (0). Closing log file.
