[    14.418] 
X.Org X Server 1.21.1.11
X Protocol Version 11, Revision 0
[    14.419] Current Operating System: Linux archlinux 6.7.3-arch1-2 #1 SMP PREEMPT_DYNAMIC Fri, 02 Feb 2024 17:03:55 +0000 x86_64
[    14.419] Kernel command line: BOOT_IMAGE=/boot/vmlinuz-linux root=UUID=cf711258-d7af-4310-b82a-cfd2fd12ba9f rw loglevel=3 quiet
[    14.419]  
[    14.419] Current version of pixman: 0.43.2
[    14.419] 	Before reporting problems, check http://wiki.x.org
	to make sure that you have the latest version.
[    14.419] Markers: (--) probed, (**) from config file, (==) default setting,
	(++) from command line, (!!) notice, (II) informational,
	(WW) warning, (EE) error, (NI) not implemented, (??) unknown.
[    14.419] (==) Log file: "/home/AliFarooq/.local/share/xorg/Xorg.0.log", Time: Wed Feb  7 13:42:24 2024
[    14.429] (==) Using system config directory "/usr/share/X11/xorg.conf.d"
[    14.431] (==) No Layout section.  Using the first Screen section.
[    14.431] (==) No screen section available. Using defaults.
[    14.431] (**) |-->Screen "Default Screen Section" (0)
[    14.431] (**) |   |-->Monitor "<default monitor>"
[    14.431] (==) No monitor specified for screen "Default Screen Section".
	Using a default monitor configuration.
[    14.431] (==) Automatically adding devices
[    14.431] (==) Automatically enabling devices
[    14.431] (==) Automatically adding GPU devices
[    14.431] (==) Automatically binding GPU devices
[    14.431] (==) Max clients allowed: 256, resource mask: 0x1fffff
[    14.433] (WW) The directory "/usr/share/fonts/misc" does not exist.
[    14.434] 	Entry deleted from font path.
[    14.435] (WW) The directory "/usr/share/fonts/OTF" does not exist.
[    14.435] 	Entry deleted from font path.
[    14.435] (WW) The directory "/usr/share/fonts/Type1" does not exist.
[    14.435] 	Entry deleted from font path.
[    14.439] (==) FontPath set to:
	/usr/share/fonts/TTF,
	/usr/share/fonts/100dpi,
	/usr/share/fonts/75dpi
[    14.439] (==) ModulePath set to "/usr/lib/xorg/modules"
[    14.439] (II) The server relies on udev to provide the list of input devices.
	If no devices become available, reconfigure udev or disable AutoAddDevices.
[    14.439] (II) Module ABI versions:
[    14.439] 	X.Org ANSI C Emulation: 0.4
[    14.439] 	X.Org Video Driver: 25.2
[    14.439] 	X.Org XInput driver : 24.4
[    14.439] 	X.Org Server Extension : 10.0
[    14.441] (++) using VT number 1

[    14.445] (II) systemd-logind: took control of session /org/freedesktop/login1/session/_31
[    14.447] (II) xfree86: Adding drm device (/dev/dri/card0)
[    14.447] (II) Platform probe for /sys/devices/pci0000:00/0000:00:0f.0/drm/card0
[    14.448] (II) systemd-logind: got fd for /dev/dri/card0 226:0 fd 13 paused 0
[    14.457] (--) PCI:*(0@0:15:0) 15ad:0405:15ad:0405 rev 0, Mem @ 0xe8000000/134217728, 0xfe000000/8388608, I/O @ 0x00001070/16, BIOS @ 0x????????/131072
[    14.457] (WW) Open ACPI failed (/var/run/acpid.socket) (No such file or directory)
[    14.457] (II) LoadModule: "glx"
[    14.460] (II) Loading /usr/lib/xorg/modules/extensions/libglx.so
[    14.488] (II) Module glx: vendor="X.Org Foundation"
[    14.488] 	compiled for 1.21.1.11, module version = 1.0.0
[    14.488] 	ABI class: X.Org Server Extension, version 10.0
[    14.488] (==) Matched vmware as autoconfigured driver 0
[    14.488] (==) Matched modesetting as autoconfigured driver 1
[    14.488] (==) Matched fbdev as autoconfigured driver 2
[    14.488] (==) Matched vesa as autoconfigured driver 3
[    14.488] (==) Assigned the driver to the xf86ConfigLayout
[    14.488] (II) LoadModule: "vmware"
[    14.488] (WW) Warning, couldn't open module vmware
[    14.488] (EE) Failed to load module "vmware" (module does not exist, 0)
[    14.488] (II) LoadModule: "modesetting"
[    14.488] (II) Loading /usr/lib/xorg/modules/drivers/modesetting_drv.so
[    14.498] (II) Module modesetting: vendor="X.Org Foundation"
[    14.498] 	compiled for 1.21.1.11, module version = 1.21.1
[    14.498] 	Module class: X.Org Video Driver
[    14.498] 	ABI class: X.Org Video Driver, version 25.2
[    14.498] (II) LoadModule: "fbdev"
[    14.498] (WW) Warning, couldn't open module fbdev
[    14.498] (EE) Failed to load module "fbdev" (module does not exist, 0)
[    14.498] (II) LoadModule: "vesa"
[    14.498] (II) Loading /usr/lib/xorg/modules/drivers/vesa_drv.so
[    14.500] (II) Module vesa: vendor="X.Org Foundation"
[    14.500] 	compiled for 1.21.1.4, module version = 2.6.0
[    14.500] 	Module class: X.Org Video Driver
[    14.500] 	ABI class: X.Org Video Driver, version 25.2
[    14.500] (II) modesetting: Driver for Modesetting Kernel Drivers: kms
[    14.500] (II) VESA: driver for VESA chipsets: vesa
[    14.500] xf86EnableIO: failed to enable I/O ports 0000-03ff (Operation not permitted)
[    14.501] (II) modeset(0): using drv /dev/dri/card0
[    14.501] (WW) VGA arbiter: cannot open kernel arbiter, no multi-card support
[    14.501] (II) modeset(0): Creating default Display subsection in Screen section
	"Default Screen Section" for depth/fbbpp 24/32
[    14.501] (==) modeset(0): Depth 24, (==) framebuffer bpp 32
[    14.501] (==) modeset(0): RGB weight 888
[    14.501] (==) modeset(0): Default visual is TrueColor
[    14.501] (II) Loading sub module "glamoregl"
[    14.501] (II) LoadModule: "glamoregl"
[    14.501] (II) Loading /usr/lib/xorg/modules/libglamoregl.so
[    14.519] (II) Module glamoregl: vendor="X.Org Foundation"
[    14.519] 	compiled for 1.21.1.11, module version = 1.0.1
[    14.519] 	ABI class: X.Org ANSI C Emulation, version 0.4
[    15.418] (II) modeset(0): glamor X acceleration enabled on SVGA3D; build: RELEASE;  LLVM;
[    15.418] (II) modeset(0): glamor initialized
[    15.418] (==) modeset(0): VariableRefresh: disabled
[    15.418] (==) modeset(0): AsyncFlipSecondaries: disabled
[    15.418] (II) modeset(0): Output Virtual-1 has no monitor section
[    15.418] (II) modeset(0): Output Virtual-2 has no monitor section
[    15.418] (II) modeset(0): Output Virtual-3 has no monitor section
[    15.418] (II) modeset(0): Output Virtual-4 has no monitor section
[    15.418] (II) modeset(0): Output Virtual-5 has no monitor section
[    15.419] (II) modeset(0): Output Virtual-6 has no monitor section
[    15.419] (II) modeset(0): Output Virtual-7 has no monitor section
[    15.419] (II) modeset(0): Output Virtual-8 has no monitor section
[    15.419] (II) modeset(0): EDID for output Virtual-1
[    15.420] (II) modeset(0): Printing probed modes for output Virtual-1
[    15.420] (II) modeset(0): Modeline "1280x800"x60.0   81.51  1280 1330 1380 1430  800 850 900 950 -hsync +vsync (57.0 kHz eP)
[    15.420] (II) modeset(0): Modeline "3840x2400"x60.0  592.25  3840 3888 3920 4000  2400 2403 2409 2469 +hsync -vsync (148.1 kHz e)
[    15.420] (II) modeset(0): Modeline "3840x2160"x60.0  533.00  3840 3888 3920 4000  2160 2163 2168 2222 +hsync -vsync (133.2 kHz e)
[    15.420] (II) modeset(0): Modeline "2880x1800"x59.9  337.50  2880 2928 2960 3040  1800 1803 1809 1852 +hsync -vsync (111.0 kHz e)
[    15.420] (II) modeset(0): Modeline "2560x1600"x60.0  348.50  2560 2752 3032 3504  1600 1603 1609 1658 -hsync +vsync (99.5 kHz e)
[    15.420] (II) modeset(0): Modeline "2560x1440"x60.0  241.50  2560 2608 2640 2720  1440 1443 1448 1481 +hsync -vsync (88.8 kHz e)
[    15.420] (II) modeset(0): Modeline "1920x1440"x60.0  234.00  1920 2048 2256 2600  1440 1441 1444 1500 -hsync +vsync (90.0 kHz e)
[    15.420] (II) modeset(0): Modeline "1856x1392"x60.0  218.25  1856 1952 2176 2528  1392 1393 1396 1439 -hsync +vsync (86.3 kHz e)
[    15.420] (II) modeset(0): Modeline "1792x1344"x60.0  204.75  1792 1920 2120 2448  1344 1345 1348 1394 -hsync +vsync (83.6 kHz e)
[    15.420] (II) modeset(0): Modeline "1920x1200"x59.9  193.25  1920 2056 2256 2592  1200 1203 1209 1245 -hsync +vsync (74.6 kHz e)
[    15.420] (II) modeset(0): Modeline "1920x1080"x60.0  173.00  1920 2048 2248 2576  1080 1083 1088 1120 -hsync +vsync (67.2 kHz e)
[    15.420] (II) modeset(0): Modeline "1600x1200"x60.0  162.00  1600 1664 1856 2160  1200 1201 1204 1250 +hsync +vsync (75.0 kHz e)
[    15.420] (II) modeset(0): Modeline "1680x1050"x60.0  146.25  1680 1784 1960 2240  1050 1053 1059 1089 -hsync +vsync (65.3 kHz e)
[    15.420] (II) modeset(0): Modeline "1400x1050"x60.0  121.75  1400 1488 1632 1864  1050 1053 1057 1089 -hsync +vsync (65.3 kHz e)
[    15.420] (II) modeset(0): Modeline "1280x1024"x60.0  108.00  1280 1328 1440 1688  1024 1025 1028 1066 +hsync +vsync (64.0 kHz e)
[    15.420] (II) modeset(0): Modeline "1440x900"x59.9  106.50  1440 1520 1672 1904  900 903 909 934 -hsync +vsync (55.9 kHz e)
[    15.420] (II) modeset(0): Modeline "1280x960"x60.0  108.00  1280 1376 1488 1800  960 961 964 1000 +hsync +vsync (60.0 kHz e)
[    15.420] (II) modeset(0): Modeline "1360x768"x60.0   85.50  1360 1424 1536 1792  768 771 777 795 +hsync +vsync (47.7 kHz e)
[    15.420] (II) modeset(0): Modeline "1280x800"x59.8   83.50  1280 1352 1480 1680  800 803 809 831 +hsync -vsync (49.7 kHz e)
[    15.420] (II) modeset(0): Modeline "1152x864"x75.0  108.00  1152 1216 1344 1600  864 865 868 900 +hsync +vsync (67.5 kHz e)
[    15.420] (II) modeset(0): Modeline "1280x768"x59.9   79.50  1280 1344 1472 1664  768 771 778 798 -hsync +vsync (47.8 kHz e)
[    15.420] (II) modeset(0): Modeline "1280x720"x59.9   74.50  1280 1344 1472 1664  720 723 728 748 -hsync +vsync (44.8 kHz e)
[    15.420] (II) modeset(0): Modeline "1024x768"x60.0   65.00  1024 1048 1184 1344  768 771 777 806 -hsync -vsync (48.4 kHz e)
[    15.420] (II) modeset(0): Modeline "800x600"x60.3   40.00  800 840 968 1056  600 601 605 628 +hsync +vsync (37.9 kHz e)
[    15.420] (II) modeset(0): Modeline "640x480"x59.9   25.18  640 656 752 800  480 489 492 525 -hsync -vsync (31.5 kHz e)
[    15.420] (II) modeset(0): EDID for output Virtual-2
[    15.420] (II) modeset(0): EDID for output Virtual-3
[    15.420] (II) modeset(0): EDID for output Virtual-4
[    15.420] (II) modeset(0): EDID for output Virtual-5
[    15.420] (II) modeset(0): EDID for output Virtual-6
[    15.420] (II) modeset(0): EDID for output Virtual-7
[    15.420] (II) modeset(0): EDID for output Virtual-8
[    15.420] (II) modeset(0): Output Virtual-1 connected
[    15.420] (II) modeset(0): Output Virtual-2 disconnected
[    15.420] (II) modeset(0): Output Virtual-3 disconnected
[    15.420] (II) modeset(0): Output Virtual-4 disconnected
[    15.420] (II) modeset(0): Output Virtual-5 disconnected
[    15.420] (II) modeset(0): Output Virtual-6 disconnected
[    15.420] (II) modeset(0): Output Virtual-7 disconnected
[    15.420] (II) modeset(0): Output Virtual-8 disconnected
[    15.420] (II) modeset(0): Using exact sizes for initial modes
[    15.420] (II) modeset(0): Output Virtual-1 using initial mode 1280x800 +0+0
[    15.420] (==) modeset(0): Using gamma correction (1.0, 1.0, 1.0)
[    15.420] (==) modeset(0): DPI set to (96, 96)
[    15.420] (II) Loading sub module "fb"
[    15.420] (II) LoadModule: "fb"
[    15.420] (II) Module "fb" already built-in
[    15.420] (II) UnloadModule: "vesa"
[    15.420] (II) Unloading vesa
[    15.628] (==) modeset(0): Backing store enabled
[    15.628] (==) modeset(0): Silken mouse enabled
[    15.629] (II) modeset(0): Initializing kms color map for depth 24, 8 bpc.
[    15.629] (==) modeset(0): DPMS enabled
[    15.629] (II) modeset(0): [DRI2] Setup complete
[    15.629] (II) modeset(0): [DRI2]   DRI driver: vmwgfx
[    15.629] (II) modeset(0): [DRI2]   VDPAU driver: vmwgfx
[    15.629] (II) Initializing extension Generic Event Extension
[    15.629] (II) Initializing extension SHAPE
[    15.630] (II) Initializing extension MIT-SHM
[    15.630] (II) Initializing extension XInputExtension
[    15.630] (II) Initializing extension XTEST
[    15.630] (II) Initializing extension BIG-REQUESTS
[    15.630] (II) Initializing extension SYNC
[    15.630] (II) Initializing extension XKEYBOARD
[    15.631] (II) Initializing extension XC-MISC
[    15.631] (II) Initializing extension SECURITY
[    15.631] (II) Initializing extension XFIXES
[    15.631] (II) Initializing extension RENDER
[    15.631] (II) Initializing extension RANDR
[    15.632] (II) Initializing extension COMPOSITE
[    15.632] (II) Initializing extension DAMAGE
[    15.632] (II) Initializing extension MIT-SCREEN-SAVER
[    15.632] (II) Initializing extension DOUBLE-BUFFER
[    15.632] (II) Initializing extension RECORD
[    15.632] (II) Initializing extension DPMS
[    15.633] (II) Initializing extension Present
[    15.633] (II) Initializing extension DRI3
[    15.633] (II) Initializing extension X-Resource
[    15.633] (II) Initializing extension XVideo
[    15.633] (II) Initializing extension XVideo-MotionCompensation
[    15.633] (II) Initializing extension GLX
[    15.641] (II) AIGLX: Loaded and initialized vmwgfx
[    15.641] (II) GLX: Initialized DRI2 GL provider for screen 0
[    15.641] (II) Initializing extension XFree86-VidModeExtension
[    15.641] (II) Initializing extension XFree86-DGA
[    15.641] (II) Initializing extension XFree86-DRI
[    15.641] (II) Initializing extension DRI2
[    15.643] (II) modeset(0): Damage tracking initialized
[    15.643] (II) modeset(0): Setting screen physical size to 338 x 211
[    15.897] (II) config/udev: Adding input device Power Button (/dev/input/event0)
[    15.897] (**) Power Button: Applying InputClass "libinput keyboard catchall"
[    15.897] (II) LoadModule: "libinput"
[    15.897] (II) Loading /usr/lib/xorg/modules/input/libinput_drv.so
[    15.904] (II) Module libinput: vendor="X.Org Foundation"
[    15.904] 	compiled for 1.21.1.8, module version = 1.4.0
[    15.904] 	Module class: X.Org XInput Driver
[    15.904] 	ABI class: X.Org XInput driver, version 24.4
[    15.904] (II) Using input driver 'libinput' for 'Power Button'
[    15.906] (II) systemd-logind: got fd for /dev/input/event0 13:64 fd 25 paused 0
[    15.906] (**) Power Button: always reports core events
[    15.906] (**) Option "Device" "/dev/input/event0"
[    15.942] (II) event0  - Power Button: is tagged by udev as: Keyboard
[    15.942] (II) event0  - Power Button: device is a keyboard
[    15.942] (II) event0  - Power Button: device removed
[    15.942] (**) Option "config_info" "udev:/sys/devices/LNXSYSTM:00/LNXPWRBN:00/input/input0/event0"
[    15.942] (II) XINPUT: Adding extended input device "Power Button" (type: KEYBOARD, id 6)
[    15.943] (II) event0  - Power Button: is tagged by udev as: Keyboard
[    15.943] (II) event0  - Power Button: device is a keyboard
[    15.945] (II) config/udev: Adding input device VMware VMware Virtual USB Mouse (/dev/input/event1)
[    15.945] (**) VMware VMware Virtual USB Mouse: Applying InputClass "libinput pointer catchall"
[    15.945] (II) Using input driver 'libinput' for 'VMware VMware Virtual USB Mouse'
[    16.000] (II) systemd-logind: got fd for /dev/input/event1 13:65 fd 28 paused 0
[    16.001] (**) VMware VMware Virtual USB Mouse: always reports core events
[    16.001] (**) Option "Device" "/dev/input/event1"
[    16.003] (II) event1  - VMware VMware Virtual USB Mouse: is tagged by udev as: Mouse
[    16.003] (II) event1  - VMware VMware Virtual USB Mouse: device is a pointer
[    16.003] (II) event1  - VMware VMware Virtual USB Mouse: device removed
[    16.003] (II) libinput: VMware VMware Virtual USB Mouse: Step value 0 was provided, libinput Fallback acceleration function is used.
[    16.003] (II) libinput: VMware VMware Virtual USB Mouse: Step value 0 was provided, libinput Fallback acceleration function is used.
[    16.003] (II) libinput: VMware VMware Virtual USB Mouse: Step value 0 was provided, libinput Fallback acceleration function is used.
[    16.003] (**) Option "config_info" "udev:/sys/devices/pci0000:00/0000:00:11.0/0000:02:00.0/usb1/1-1/1-1:1.0/0003:0E0F:0003.0001/input/input1/event1"
[    16.003] (II) XINPUT: Adding extended input device "VMware VMware Virtual USB Mouse" (type: MOUSE, id 7)
[    16.004] (**) Option "AccelerationScheme" "none"
[    16.004] (**) VMware VMware Virtual USB Mouse: (accel) selected scheme none/0
[    16.004] (**) VMware VMware Virtual USB Mouse: (accel) acceleration factor: 2.000
[    16.004] (**) VMware VMware Virtual USB Mouse: (accel) acceleration threshold: 4
[    16.006] (II) event1  - VMware VMware Virtual USB Mouse: is tagged by udev as: Mouse
[    16.006] (II) event1  - VMware VMware Virtual USB Mouse: device is a pointer
[    16.007] (II) config/udev: Adding input device VMware VMware Virtual USB Mouse (/dev/input/mouse0)
[    16.007] (II) No input driver specified, ignoring this device.
[    16.007] (II) This device may have been added with another device file.
[    16.008] (II) config/udev: Adding input device AT Translated Set 2 keyboard (/dev/input/event2)
[    16.008] (**) AT Translated Set 2 keyboard: Applying InputClass "libinput keyboard catchall"
[    16.008] (II) Using input driver 'libinput' for 'AT Translated Set 2 keyboard'
[    16.009] (II) systemd-logind: got fd for /dev/input/event2 13:66 fd 29 paused 0
[    16.009] (**) AT Translated Set 2 keyboard: always reports core events
[    16.009] (**) Option "Device" "/dev/input/event2"
[    16.010] (II) event2  - AT Translated Set 2 keyboard: is tagged by udev as: Keyboard
[    16.010] (II) event2  - AT Translated Set 2 keyboard: device is a keyboard
[    16.011] (II) event2  - AT Translated Set 2 keyboard: device removed
[    16.011] (**) Option "config_info" "udev:/sys/devices/platform/i8042/serio0/input/input2/event2"
[    16.011] (II) XINPUT: Adding extended input device "AT Translated Set 2 keyboard" (type: KEYBOARD, id 8)
[    16.012] (II) event2  - AT Translated Set 2 keyboard: is tagged by udev as: Keyboard
[    16.012] (II) event2  - AT Translated Set 2 keyboard: device is a keyboard
[    16.014] (II) config/udev: Adding input device VirtualPS/2 VMware VMMouse (/dev/input/event5)
[    16.014] (**) VirtualPS/2 VMware VMMouse: Applying InputClass "libinput pointer catchall"
[    16.014] (II) Using input driver 'libinput' for 'VirtualPS/2 VMware VMMouse'
[    16.016] (II) systemd-logind: got fd for /dev/input/event5 13:69 fd 30 paused 0
[    16.016] (**) VirtualPS/2 VMware VMMouse: always reports core events
[    16.016] (**) Option "Device" "/dev/input/event5"
[    16.017] (II) event5  - VirtualPS/2 VMware VMMouse: is tagged by udev as: Mouse
[    16.017] (II) event5  - VirtualPS/2 VMware VMMouse: device is a pointer
[    16.018] (II) event5  - VirtualPS/2 VMware VMMouse: device removed
[    16.018] (II) libinput: VirtualPS/2 VMware VMMouse: Step value 0 was provided, libinput Fallback acceleration function is used.
[    16.018] (II) libinput: VirtualPS/2 VMware VMMouse: Step value 0 was provided, libinput Fallback acceleration function is used.
[    16.018] (II) libinput: VirtualPS/2 VMware VMMouse: Step value 0 was provided, libinput Fallback acceleration function is used.
[    16.018] (**) Option "config_info" "udev:/sys/devices/platform/i8042/serio1/input/input5/event5"
[    16.018] (II) XINPUT: Adding extended input device "VirtualPS/2 VMware VMMouse" (type: MOUSE, id 9)
[    16.018] (**) Option "AccelerationScheme" "none"
[    16.018] (**) VirtualPS/2 VMware VMMouse: (accel) selected scheme none/0
[    16.018] (**) VirtualPS/2 VMware VMMouse: (accel) acceleration factor: 2.000
[    16.018] (**) VirtualPS/2 VMware VMMouse: (accel) acceleration threshold: 4
[    16.019] (II) event5  - VirtualPS/2 VMware VMMouse: is tagged by udev as: Mouse
[    16.020] (II) event5  - VirtualPS/2 VMware VMMouse: device is a pointer
[    16.020] (II) config/udev: Adding input device VirtualPS/2 VMware VMMouse (/dev/input/mouse2)
[    16.020] (II) No input driver specified, ignoring this device.
[    16.021] (II) This device may have been added with another device file.
[    16.021] (II) config/udev: Adding input device VirtualPS/2 VMware VMMouse (/dev/input/event4)
[    16.021] (**) VirtualPS/2 VMware VMMouse: Applying InputClass "libinput pointer catchall"
[    16.021] (II) Using input driver 'libinput' for 'VirtualPS/2 VMware VMMouse'
[    16.023] (II) systemd-logind: got fd for /dev/input/event4 13:68 fd 31 paused 0
[    16.023] (**) VirtualPS/2 VMware VMMouse: always reports core events
[    16.023] (**) Option "Device" "/dev/input/event4"
[    16.025] (II) event4  - VirtualPS/2 VMware VMMouse: is tagged by udev as: Mouse
[    16.025] (II) event4  - VirtualPS/2 VMware VMMouse: device is a pointer
[    16.026] (II) event4  - VirtualPS/2 VMware VMMouse: device removed
[    16.026] (**) Option "config_info" "udev:/sys/devices/platform/i8042/serio1/input/input6/event4"
[    16.026] (II) XINPUT: Adding extended input device "VirtualPS/2 VMware VMMouse" (type: MOUSE, id 10)
[    16.026] (**) Option "AccelerationScheme" "none"
[    16.026] (**) VirtualPS/2 VMware VMMouse: (accel) selected scheme none/0
[    16.026] (**) VirtualPS/2 VMware VMMouse: (accel) acceleration factor: 2.000
[    16.026] (**) VirtualPS/2 VMware VMMouse: (accel) acceleration threshold: 4
[    16.027] (II) event4  - VirtualPS/2 VMware VMMouse: is tagged by udev as: Mouse
[    16.027] (II) event4  - VirtualPS/2 VMware VMMouse: device is a pointer
[    16.028] (II) config/udev: Adding input device VirtualPS/2 VMware VMMouse (/dev/input/mouse1)
[    16.028] (II) No input driver specified, ignoring this device.
[    16.028] (II) This device may have been added with another device file.
[    16.029] (II) config/udev: Adding input device PC Speaker (/dev/input/event3)
[    16.029] (II) No input driver specified, ignoring this device.
[    16.029] (II) This device may have been added with another device file.
[    16.193] (II) modeset(0): Allocate new frame buffer 1920x1080 stride
